<?xml version="1.0" encoding="UTF-8"?>
<!-- Generated by org.testng.reporters.JUnitReportReporter -->
<testsuite hostname="DESKTOP-QQ1VBIF" failures="0" tests="1" name="com.SFRWebSiteDemo.testCases.TC_OffresTVTest_002" time="17.677" errors="0" timestamp="2021-11-02T12:36:32 CET" skipped="0">
  <testcase classname="com.SFRWebSiteDemo.testCases.TC_OffresTVTest_002" name="offresTVTest" time="17.677"/>
  <system-out/>
</testsuite> <!-- com.SFRWebSiteDemo.testCases.TC_OffresTVTest_002 -->
