<?xml version="1.0" encoding="UTF-8"?>
<!-- Generated by org.testng.reporters.JUnitReportReporter -->
<testsuite hostname="DESKTOP-QQ1VBIF" failures="0" tests="1" name="com.SFRWebSiteDemo.testCases.TC_LoginPageTest_001" time="8.403" errors="0" timestamp="2021-10-22T12:56:52 CEST" skipped="0">
  <testcase classname="com.SFRWebSiteDemo.testCases.TC_LoginPageTest_001" name="loginPageTest" time="8.403"/>
  <system-out/>
</testsuite> <!-- com.SFRWebSiteDemo.testCases.TC_LoginPageTest_001 -->
