<?xml version="1.0" encoding="UTF-8"?>
<!-- Generated by org.testng.reporters.JUnitReportReporter -->
<testsuite hostname="DESKTOP-QQ1VBIF" failures="0" tests="1" name="com.SFRWebSiteDemo.testCases.TC_OffresTVTest_002" time="15.986" errors="0" timestamp="2021-10-25T14:22:45 CEST" skipped="0">
  <testcase classname="com.SFRWebSiteDemo.testCases.TC_OffresTVTest_002" name="offresTVTest" time="15.986"/>
  <system-out/>
</testsuite> <!-- com.SFRWebSiteDemo.testCases.TC_OffresTVTest_002 -->
