<?xml version="1.0" encoding="UTF-8"?>
<!-- Generated by org.testng.reporters.JUnitReportReporter -->
<testsuite hostname="DESKTOP-QQ1VBIF" failures="0" tests="1" name="com.SFRWebSiteDemo.testCases.TC_OffresTVTest_002" time="16.791" errors="0" timestamp="2021-10-27T18:03:29 CEST" skipped="0">
  <testcase classname="com.SFRWebSiteDemo.testCases.TC_OffresTVTest_002" name="offresTVTest" time="16.791"/>
  <system-out/>
</testsuite> <!-- com.SFRWebSiteDemo.testCases.TC_OffresTVTest_002 -->
