<?xml version="1.0" encoding="UTF-8"?>
<!-- Generated by org.testng.reporters.JUnitReportReporter -->
<testsuite skipped="0" hostname="DESKTOP-QQ1VBIF" name="com.SFRWebSiteDemo.testCases.TC_OffresTVTest_002" tests="1" failures="0" timestamp="2021-10-26T12:16:56 CEST" time="17.965" errors="0">
  <testcase name="offresTVTest" time="17.965" classname="com.SFRWebSiteDemo.testCases.TC_OffresTVTest_002"/>
  <system-out/>
</testsuite> <!-- com.SFRWebSiteDemo.testCases.TC_OffresTVTest_002 -->
