<?xml version="1.0" encoding="UTF-8"?>
<!-- Generated by org.testng.reporters.JUnitReportReporter -->
<testsuite skipped="0" hostname="DESKTOP-QQ1VBIF" name="com.SFRWebSiteDemo.testCases.TC_OffresTVTest_002" tests="1" failures="0" timestamp="2021-11-02T12:39:19 CET" time="21.946" errors="0">
  <testcase name="offresTVTest" time="21.946" classname="com.SFRWebSiteDemo.testCases.TC_OffresTVTest_002"/>
  <system-out/>
</testsuite> <!-- com.SFRWebSiteDemo.testCases.TC_OffresTVTest_002 -->
